Using pre-set license
Built from '2022.1/staging' branch; Version is '2022.1.20f1 (01d83b40d570) revision 120891'; Using compiler version '192829333'; Build Type 'Release'
OS: 'Windows 11  (10.0.22000) 64bit Core' Language: 'en' Physical Memory: 16085 MB
BatchMode: 1, IsHumanControllingUs: 0, StartBugReporterOnCrash: 0, Is64bit: 1, IsPro: 1

COMMAND LINE ARGUMENTS:
C:\Program Files\Unity\Hub\Editor\2022.1.20f1\Editor\Unity.exe
-adb2
-batchMode
-noUpm
-name
AssetImportWorker3
-projectPath
C:/Users/azapa/OneDrive/Documents/GitHub/The-Dark-Beyond
-logFile
Logs/AssetImportWorker3.log
-srvPort
64805
Successfully changed project path to: C:/Users/azapa/OneDrive/Documents/GitHub/The-Dark-Beyond
C:/Users/azapa/OneDrive/Documents/GitHub/The-Dark-Beyond
[UnityMemory] Configuration Parameters - Can be set up in boot.config
    "memorysetup-bucket-allocator-granularity=16"
    "memorysetup-bucket-allocator-bucket-count=8"
    "memorysetup-bucket-allocator-block-size=33554432"
    "memorysetup-bucket-allocator-block-count=8"
    "memorysetup-main-allocator-block-size=16777216"
    "memorysetup-thread-allocator-block-size=16777216"
    "memorysetup-gfx-main-allocator-block-size=16777216"
    "memorysetup-gfx-thread-allocator-block-size=16777216"
    "memorysetup-cache-allocator-block-size=4194304"
    "memorysetup-typetree-allocator-block-size=2097152"
    "memorysetup-profiler-bucket-allocator-granularity=16"
    "memorysetup-profiler-bucket-allocator-bucket-count=8"
    "memorysetup-profiler-bucket-allocator-block-size=33554432"
    "memorysetup-profiler-bucket-allocator-block-count=8"
    "memorysetup-profiler-allocator-block-size=16777216"
    "memorysetup-profiler-editor-allocator-block-size=1048576"
    "memorysetup-temp-allocator-size-main=16777216"
    "memorysetup-job-temp-allocator-block-size=2097152"
    "memorysetup-job-temp-allocator-block-size-background=1048576"
    "memorysetup-job-temp-allocator-reduction-small-platforms=262144"
    "memorysetup-temp-allocator-size-background-worker=32768"
    "memorysetup-temp-allocator-size-job-worker=262144"
    "memorysetup-temp-allocator-size-preload-manager=33554432"
    "memorysetup-temp-allocator-size-nav-mesh-worker=65536"
    "memorysetup-temp-allocator-size-audio-worker=65536"
    "memorysetup-temp-allocator-size-cloud-worker=32768"
    "memorysetup-temp-allocator-size-gi-baking-worker=262144"
    "memorysetup-temp-allocator-size-gfx=262144"
Refreshing native plugins compatible for Editor in 108.16 ms, found 2 plugins.
Preloading 0 native plugins for Editor in 0.00 ms.
Initialize engine version: 2022.1.20f1 (01d83b40d570)
[Subsystems] Discovering subsystems at path C:/Program Files/Unity/Hub/Editor/2022.1.20f1/Editor/Data/Resources/UnitySubsystems
[Subsystems] Discovering subsystems at path C:/Users/azapa/OneDrive/Documents/GitHub/The-Dark-Beyond/Assets
GfxDevice: creating device client; threaded=0; jobified=0
Direct3D:
    Version:  Direct3D 11.0 [level 11.1]
    Renderer: NVIDIA GeForce RTX 3060 Laptop GPU (ID=0x2520)
    Vendor:   NVIDIA
    VRAM:     6009 MB
    Driver:   31.0.15.2802
Initialize mono
Mono path[0] = 'C:/Program Files/Unity/Hub/Editor/2022.1.20f1/Editor/Data/Managed'
Mono path[1] = 'C:/Program Files/Unity/Hub/Editor/2022.1.20f1/Editor/Data/MonoBleedingEdge/lib/mono/unityjit-win32'
Mono config path = 'C:/Program Files/Unity/Hub/Editor/2022.1.20f1/Editor/Data/MonoBleedingEdge/etc'
Using monoOptions --debugger-agent=transport=dt_socket,embedding=1,server=y,suspend=n,address=127.0.0.1:56552
Begin MonoManager ReloadAssembly
Registering precompiled unity dll's ...
Register platform support module: C:/Program Files/Unity/Hub/Editor/2022.1.20f1/Editor/Data/PlaybackEngines/WindowsStandaloneSupport/UnityEditor.WindowsStandalone.Extensions.dll
Registered in 0.004140 seconds.
Native extension for WindowsStandalone target not found
Refreshing native plugins compatible for Editor in 114.18 ms, found 2 plugins.
Preloading 0 native plugins for Editor in 0.00 ms.
Mono: successfully reloaded assembly
- Completed reload, in  0.817 seconds
Domain Reload Profiling:
	ReloadAssembly (817ms)
		BeginReloadAssembly (132ms)
			ExecutionOrderSort (0ms)
			DisableScriptedObjects (0ms)
			BackupInstance (0ms)
			ReleaseScriptingObjects (0ms)
			CreateAndSetChildDomain (1ms)
		EndReloadAssembly (566ms)
			LoadAssemblies (129ms)
			RebuildTransferFunctionScriptingTraits (0ms)
			SetupTypeCache (124ms)
				TypeCache.Initialize (123ms)
					TypeCache.ScanAssembly (122ms)
				ResolveRequiredComponents (1ms)
			ReleaseScriptCaches (0ms)
			RebuildScriptCaches (29ms)
			SetupLoadedEditorAssemblies (355ms)
				LogAssemblyErrors (0ms)
				InitializePlatformSupportModulesInManaged (9ms)
				SetLoadedEditorAssemblies (10ms)
				RefreshPlugins (114ms)
				BeforeProcessingInitializeOnLoad (1ms)
				ProcessInitializeOnLoadAttributes (165ms)
				ProcessInitializeOnLoadMethodAttributes (55ms)
				AfterProcessingInitializeOnLoad (0ms)
				EditorAssembliesLoaded (0ms)
			ExecutionOrderSort2 (0ms)
			AwakeInstancesAfterBackupRestoration (0ms)
Platform modules already initialized, skipping
Registering precompiled user dll's ...
Registered in 0.315347 seconds.
Begin MonoManager ReloadAssembly
Native extension for WindowsStandalone target not found
Refreshing native plugins compatible for Editor in 91.58 ms, found 2 plugins.
Preloading 0 native plugins for Editor in 0.00 ms.
Mono: successfully reloaded assembly
- Completed reload, in  1.187 seconds
Domain Reload Profiling:
	ReloadAssembly (1188ms)
		BeginReloadAssembly (129ms)
			ExecutionOrderSort (0ms)
			DisableScriptedObjects (5ms)
			BackupInstance (0ms)
			ReleaseScriptingObjects (0ms)
			CreateAndSetChildDomain (17ms)
		EndReloadAssembly (961ms)
			LoadAssemblies (156ms)
			RebuildTransferFunctionScriptingTraits (0ms)
			SetupTypeCache (210ms)
				TypeCache.Initialize (200ms)
					TypeCache.ScanAssembly (197ms)
				ResolveRequiredComponents (10ms)
			ReleaseScriptCaches (1ms)
			RebuildScriptCaches (48ms)
			SetupLoadedEditorAssemblies (519ms)
				LogAssemblyErrors (0ms)
				InitializePlatformSupportModulesInManaged (4ms)
				SetLoadedEditorAssemblies (7ms)
				RefreshPlugins (92ms)
				BeforeProcessingInitializeOnLoad (90ms)
				ProcessInitializeOnLoadAttributes (243ms)
				ProcessInitializeOnLoadMethodAttributes (79ms)
				AfterProcessingInitializeOnLoad (4ms)
				EditorAssembliesLoaded (0ms)
			ExecutionOrderSort2 (0ms)
			AwakeInstancesAfterBackupRestoration (5ms)
Platform modules already initialized, skipping
========================================================================
Worker process is ready to serve import requests
Launched and connected shader compiler UnityShaderCompiler.exe after 0.06 seconds
Refreshing native plugins compatible for Editor in 0.94 ms, found 2 plugins.
Preloading 0 native plugins for Editor in 0.00 ms.
Unloading 3761 Unused Serialized files (Serialized files now loaded: 0)
Unloading 31 unused Assets / (352.1 KB). Loaded Objects now: 4241.
Memory consumption went from 0.70 GB to 0.70 GB.
Total: 4.910000 ms (FindLiveObjects: 0.496200 ms CreateObjectMapping: 0.141600 ms MarkObjects: 4.025700 ms  DeleteObjects: 0.244400 ms)

AssetImportParameters requested are different than current active one (requested -> active):
  custom:video-decoder-ogg-theora: a1e56fd34408186e4bbccfd4996cb3dc -> 
  custom:container-muxer-webm: aa71ff27fc2769a1b78a27578f13a17b -> 
  custom:container-demuxer-webm: 4f35f7cbe854078d1ac9338744f61a02 -> 
  custom:video-encoder-webm-vp8: eb34c28f22e8b96e1ab97ce403110664 -> 
  custom:audio-encoder-webm-vorbis: bf7c407c2cedff20999df2af8eb42d56 -> 
  custom:framework-win-MediaFoundation: 216162199b28c13a410421893ffa2e32 -> 
  custom:container-demuxer-ogg: 62fdf1f143b41e24485cea50d1cbac27 -> 
  custom:video-decoder-webm-vp8: 9c59270c3fd7afecdb556c50c9e8de78 -> 
  custom:audio-decoder-ogg-vorbis: bf7c407c2cedff20999df2af8eb42d56 -> 
========================================================================
Received Import Request.
  Time since last request: 108892.481735 seconds.
  path: Assets/Animations/Basic Motions/Animations/Movement/BasicMotions@Strafe01.fbx
  artifactKey: Guid(746837b598388314184f258020b9d9e3) Importer(815301076,1909f56bfc062723c751e8b465ee728b)
Start importing Assets/Animations/Basic Motions/Animations/Movement/BasicMotions@Strafe01.fbx using Guid(746837b598388314184f258020b9d9e3) Importer(815301076,1909f56bfc062723c751e8b465ee728b)  -> (artifact id: 'd6501d0c200b65c0b363cb93c9d35580') in 0.111925 seconds 
========================================================================
Received Import Request.
  Time since last request: 1.746316 seconds.
  path: Assets/Resources/SCI-FI UI Pack Pro/SCI-FI UI Pack Pro V1/Resources_V1/Sliced Elements/4Levels/Icon_star0.png
  artifactKey: Guid(c318043d786d8d646bcb7cb4178a1423) Importer(815301076,1909f56bfc062723c751e8b465ee728b)
Start importing Assets/Resources/SCI-FI UI Pack Pro/SCI-FI UI Pack Pro V1/Resources_V1/Sliced Elements/4Levels/Icon_star0.png using Guid(c318043d786d8d646bcb7cb4178a1423) Importer(815301076,1909f56bfc062723c751e8b465ee728b)  -> (artifact id: 'abe64bd150ebe5613f171efe0968552f') in 0.077860 seconds 
========================================================================
Received Import Request.
  Time since last request: 0.005274 seconds.
  path: Assets/Resources/SCI-FI UI Pack Pro/SCI-FI UI Pack Pro V2/Resources_V2/Sliced Elements/Components8/Icon_Start1.png
  artifactKey: Guid(23492ecd3ea2a0342995d5cd05fd337c) Importer(815301076,1909f56bfc062723c751e8b465ee728b)
Start importing Assets/Resources/SCI-FI UI Pack Pro/SCI-FI UI Pack Pro V2/Resources_V2/Sliced Elements/Components8/Icon_Start1.png using Guid(23492ecd3ea2a0342995d5cd05fd337c) Importer(815301076,1909f56bfc062723c751e8b465ee728b)  -> (artifact id: '2c749eb8285cf38b31313283085bbd3d') in 0.027943 seconds 
========================================================================
Received Import Request.
  Time since last request: 0.040963 seconds.
  path: Assets/Prefabs/Space/StarGhost.prefab
  artifactKey: Guid(e67efd116becd6045be1f07b1df40418) Importer(815301076,1909f56bfc062723c751e8b465ee728b)
Start importing Assets/Prefabs/Space/StarGhost.prefab using Guid(e67efd116becd6045be1f07b1df40418) Importer(815301076,1909f56bfc062723c751e8b465ee728b)  -> (artifact id: '77c57063c6d3637e851e3df1c0567f99') in 0.351539 seconds 
========================================================================
Received Import Request.
  Time since last request: 35.935136 seconds.
  path: Assets/PolygonSciFiSpace/Textures/Planet_Land_Mask_01.png
  artifactKey: Guid(fd15a6fab7475954594f39602e5711e5) Importer(815301076,1909f56bfc062723c751e8b465ee728b)
Start importing Assets/PolygonSciFiSpace/Textures/Planet_Land_Mask_01.png using Guid(fd15a6fab7475954594f39602e5711e5) Importer(815301076,1909f56bfc062723c751e8b465ee728b)  -> (artifact id: 'a0f40964869a2f01570cd2bd86cd6fb1') in 0.024319 seconds 
========================================================================
Received Import Request.
  Time since last request: 0.000031 seconds.
  path: Assets/PolygonSciFiSpace/Textures/Planet/PolygonSpace_Planet_01_A.png
  artifactKey: Guid(7ac556960bd1dd4439598329daf108ca) Importer(815301076,1909f56bfc062723c751e8b465ee728b)
Start importing Assets/PolygonSciFiSpace/Textures/Planet/PolygonSpace_Planet_01_A.png using Guid(7ac556960bd1dd4439598329daf108ca) Importer(815301076,1909f56bfc062723c751e8b465ee728b)  -> (artifact id: 'b8d5576055591ce25d5233fe7e54631a') in 0.016920 seconds 
========================================================================
Received Import Request.
  Time since last request: 0.000026 seconds.
  path: Assets/PolygonSciFiSpace/Materials/Planet_Materials/PolygonSpace_Planet_01_D.mat
  artifactKey: Guid(104b4c7750829d3449e75bd4c9f4aa59) Importer(815301076,1909f56bfc062723c751e8b465ee728b)
Start importing Assets/PolygonSciFiSpace/Materials/Planet_Materials/PolygonSpace_Planet_01_D.mat using Guid(104b4c7750829d3449e75bd4c9f4aa59) Importer(815301076,1909f56bfc062723c751e8b465ee728b)  -> (artifact id: '0ac95e1279c8a6f501752eab32be4112') in 1.954411 seconds 
========================================================================
Received Import Request.
  Time since last request: 0.367727 seconds.
  path: Assets/PolygonSciFiSpace/Prefabs/Environment/SM_Env_Planet_06.prefab
  artifactKey: Guid(d6003c3bfae080a4194124a3a317fabd) Importer(815301076,1909f56bfc062723c751e8b465ee728b)
Start importing Assets/PolygonSciFiSpace/Prefabs/Environment/SM_Env_Planet_06.prefab using Guid(d6003c3bfae080a4194124a3a317fabd) Importer(815301076,1909f56bfc062723c751e8b465ee728b)  -> (artifact id: 'c7c6c1a95e7ff817573f833ec1c82f56') in 0.035915 seconds 
========================================================================
Received Import Request.
  Time since last request: 0.000040 seconds.
  path: Assets/PolygonSciFiSpace/Models/SM_Env_Planet_09.fbx
  artifactKey: Guid(109d440d93b1db3458b503ceef3909c9) Importer(815301076,1909f56bfc062723c751e8b465ee728b)
Start importing Assets/PolygonSciFiSpace/Models/SM_Env_Planet_09.fbx using Guid(109d440d93b1db3458b503ceef3909c9) Importer(815301076,1909f56bfc062723c751e8b465ee728b)  -> (artifact id: 'bec02bf7d22b686bcb80bada5ab324ad') in 0.043406 seconds 
========================================================================
Received Import Request.
  Time since last request: 3.399242 seconds.
  path: Assets/PolygonSciFiSpace/Models/SM_Env_Planet_11.fbx
  artifactKey: Guid(999b0e040edc53d4b95f3f11af13221d) Importer(815301076,1909f56bfc062723c751e8b465ee728b)
Start importing Assets/PolygonSciFiSpace/Models/SM_Env_Planet_11.fbx using Guid(999b0e040edc53d4b95f3f11af13221d) Importer(815301076,1909f56bfc062723c751e8b465ee728b)  -> (artifact id: '7f3821672567cbeff97ad71c1a274636') in 0.038718 seconds 
========================================================================
Received Import Request.
  Time since last request: 0.000064 seconds.
  path: Assets/PolygonSciFiSpace/Models/SM_Env_Planet_13.fbx
  artifactKey: Guid(4682269cc02449345abb1bb33273b39c) Importer(815301076,1909f56bfc062723c751e8b465ee728b)
Start importing Assets/PolygonSciFiSpace/Models/SM_Env_Planet_13.fbx using Guid(4682269cc02449345abb1bb33273b39c) Importer(815301076,1909f56bfc062723c751e8b465ee728b)  -> (artifact id: '4682f8d20a0b5e5ae419bb3614179417') in 0.033192 seconds 
========================================================================
Received Import Request.
  Time since last request: 0.000053 seconds.
  path: Assets/PolygonSciFiSpace/Prefabs/Environment/SM_Env_Planet_13.prefab
  artifactKey: Guid(c906f458df0dfe54096955f6c9df4f82) Importer(815301076,1909f56bfc062723c751e8b465ee728b)
Start importing Assets/PolygonSciFiSpace/Prefabs/Environment/SM_Env_Planet_13.prefab using Guid(c906f458df0dfe54096955f6c9df4f82) Importer(815301076,1909f56bfc062723c751e8b465ee728b)  -> (artifact id: '377b1f67cb7e171325c81828c7dada8d') in 0.031526 seconds 
Editor requested this worker to shutdown with reason: Scaling down because of idle timeout
AssetImportWorker is now disconnected from the server
Process exiting
Exiting without the bug reporter. Application will terminate with return code 0