Using pre-set license
Built from '2022.1/staging' branch; Version is '2022.1.20f1 (01d83b40d570) revision 120891'; Using compiler version '192829333'; Build Type 'Release'
OS: 'Windows 11  (10.0.22000) 64bit Core' Language: 'en' Physical Memory: 16085 MB
BatchMode: 1, IsHumanControllingUs: 0, StartBugReporterOnCrash: 0, Is64bit: 1, IsPro: 1

COMMAND LINE ARGUMENTS:
C:\Program Files\Unity\Hub\Editor\2022.1.20f1\Editor\Unity.exe
-adb2
-batchMode
-noUpm
-name
AssetImportWorker4
-projectPath
C:/Users/azapa/OneDrive/Documents/GitHub/The-Dark-Beyond
-logFile
Logs/AssetImportWorker4.log
-srvPort
64805
Successfully changed project path to: C:/Users/azapa/OneDrive/Documents/GitHub/The-Dark-Beyond
C:/Users/azapa/OneDrive/Documents/GitHub/The-Dark-Beyond
[UnityMemory] Configuration Parameters - Can be set up in boot.config
    "memorysetup-bucket-allocator-granularity=16"
    "memorysetup-bucket-allocator-bucket-count=8"
    "memorysetup-bucket-allocator-block-size=33554432"
    "memorysetup-bucket-allocator-block-count=8"
    "memorysetup-main-allocator-block-size=16777216"
    "memorysetup-thread-allocator-block-size=16777216"
    "memorysetup-gfx-main-allocator-block-size=16777216"
    "memorysetup-gfx-thread-allocator-block-size=16777216"
    "memorysetup-cache-allocator-block-size=4194304"
    "memorysetup-typetree-allocator-block-size=2097152"
    "memorysetup-profiler-bucket-allocator-granularity=16"
    "memorysetup-profiler-bucket-allocator-bucket-count=8"
    "memorysetup-profiler-bucket-allocator-block-size=33554432"
    "memorysetup-profiler-bucket-allocator-block-count=8"
    "memorysetup-profiler-allocator-block-size=16777216"
    "memorysetup-profiler-editor-allocator-block-size=1048576"
    "memorysetup-temp-allocator-size-main=16777216"
    "memorysetup-job-temp-allocator-block-size=2097152"
    "memorysetup-job-temp-allocator-block-size-background=1048576"
    "memorysetup-job-temp-allocator-reduction-small-platforms=262144"
    "memorysetup-temp-allocator-size-background-worker=32768"
    "memorysetup-temp-allocator-size-job-worker=262144"
    "memorysetup-temp-allocator-size-preload-manager=33554432"
    "memorysetup-temp-allocator-size-nav-mesh-worker=65536"
    "memorysetup-temp-allocator-size-audio-worker=65536"
    "memorysetup-temp-allocator-size-cloud-worker=32768"
    "memorysetup-temp-allocator-size-gi-baking-worker=262144"
    "memorysetup-temp-allocator-size-gfx=262144"
Refreshing native plugins compatible for Editor in 108.56 ms, found 2 plugins.
Preloading 0 native plugins for Editor in 0.00 ms.
Initialize engine version: 2022.1.20f1 (01d83b40d570)
[Subsystems] Discovering subsystems at path C:/Program Files/Unity/Hub/Editor/2022.1.20f1/Editor/Data/Resources/UnitySubsystems
[Subsystems] Discovering subsystems at path C:/Users/azapa/OneDrive/Documents/GitHub/The-Dark-Beyond/Assets
GfxDevice: creating device client; threaded=0; jobified=0
Direct3D:
    Version:  Direct3D 11.0 [level 11.1]
    Renderer: NVIDIA GeForce RTX 3060 Laptop GPU (ID=0x2520)
    Vendor:   NVIDIA
    VRAM:     6009 MB
    Driver:   31.0.15.2802
Initialize mono
Mono path[0] = 'C:/Program Files/Unity/Hub/Editor/2022.1.20f1/Editor/Data/Managed'
Mono path[1] = 'C:/Program Files/Unity/Hub/Editor/2022.1.20f1/Editor/Data/MonoBleedingEdge/lib/mono/unityjit-win32'
Mono config path = 'C:/Program Files/Unity/Hub/Editor/2022.1.20f1/Editor/Data/MonoBleedingEdge/etc'
Using monoOptions --debugger-agent=transport=dt_socket,embedding=1,server=y,suspend=n,address=127.0.0.1:56768
Begin MonoManager ReloadAssembly
Registering precompiled unity dll's ...
Register platform support module: C:/Program Files/Unity/Hub/Editor/2022.1.20f1/Editor/Data/PlaybackEngines/WindowsStandaloneSupport/UnityEditor.WindowsStandalone.Extensions.dll
Registered in 0.006058 seconds.
Native extension for WindowsStandalone target not found
Refreshing native plugins compatible for Editor in 120.93 ms, found 2 plugins.
Preloading 0 native plugins for Editor in 0.00 ms.
Mono: successfully reloaded assembly
- Completed reload, in  0.823 seconds
Domain Reload Profiling:
	ReloadAssembly (824ms)
		BeginReloadAssembly (128ms)
			ExecutionOrderSort (0ms)
			DisableScriptedObjects (0ms)
			BackupInstance (0ms)
			ReleaseScriptingObjects (0ms)
			CreateAndSetChildDomain (1ms)
		EndReloadAssembly (573ms)
			LoadAssemblies (126ms)
			RebuildTransferFunctionScriptingTraits (0ms)
			SetupTypeCache (131ms)
				TypeCache.Initialize (131ms)
					TypeCache.ScanAssembly (129ms)
				ResolveRequiredComponents (0ms)
			ReleaseScriptCaches (0ms)
			RebuildScriptCaches (30ms)
			SetupLoadedEditorAssemblies (356ms)
				LogAssemblyErrors (0ms)
				InitializePlatformSupportModulesInManaged (8ms)
				SetLoadedEditorAssemblies (9ms)
				RefreshPlugins (121ms)
				BeforeProcessingInitializeOnLoad (2ms)
				ProcessInitializeOnLoadAttributes (162ms)
				ProcessInitializeOnLoadMethodAttributes (53ms)
				AfterProcessingInitializeOnLoad (0ms)
				EditorAssembliesLoaded (0ms)
			ExecutionOrderSort2 (0ms)
			AwakeInstancesAfterBackupRestoration (0ms)
Platform modules already initialized, skipping
Registering precompiled user dll's ...
Registered in 0.307194 seconds.
Begin MonoManager ReloadAssembly
Native extension for WindowsStandalone target not found
Refreshing native plugins compatible for Editor in 86.99 ms, found 2 plugins.
Preloading 0 native plugins for Editor in 0.00 ms.
Mono: successfully reloaded assembly
- Completed reload, in  1.177 seconds
Domain Reload Profiling:
	ReloadAssembly (1178ms)
		BeginReloadAssembly (128ms)
			ExecutionOrderSort (0ms)
			DisableScriptedObjects (4ms)
			BackupInstance (0ms)
			ReleaseScriptingObjects (0ms)
			CreateAndSetChildDomain (17ms)
		EndReloadAssembly (951ms)
			LoadAssemblies (160ms)
			RebuildTransferFunctionScriptingTraits (0ms)
			SetupTypeCache (203ms)
				TypeCache.Initialize (194ms)
					TypeCache.ScanAssembly (189ms)
				ResolveRequiredComponents (9ms)
			ReleaseScriptCaches (0ms)
			RebuildScriptCaches (50ms)
			SetupLoadedEditorAssemblies (524ms)
				LogAssemblyErrors (0ms)
				InitializePlatformSupportModulesInManaged (4ms)
				SetLoadedEditorAssemblies (6ms)
				RefreshPlugins (87ms)
				BeforeProcessingInitializeOnLoad (91ms)
				ProcessInitializeOnLoadAttributes (247ms)
				ProcessInitializeOnLoadMethodAttributes (84ms)
				AfterProcessingInitializeOnLoad (5ms)
				EditorAssembliesLoaded (0ms)
			ExecutionOrderSort2 (0ms)
			AwakeInstancesAfterBackupRestoration (5ms)
Platform modules already initialized, skipping
========================================================================
Worker process is ready to serve import requests
Launched and connected shader compiler UnityShaderCompiler.exe after 0.08 seconds
Refreshing native plugins compatible for Editor in 1.91 ms, found 2 plugins.
Preloading 0 native plugins for Editor in 0.00 ms.
Unloading 3761 Unused Serialized files (Serialized files now loaded: 0)
Unloading 31 unused Assets / (352.1 KB). Loaded Objects now: 4241.
Memory consumption went from 0.70 GB to 0.70 GB.
Total: 3.172200 ms (FindLiveObjects: 0.267800 ms CreateObjectMapping: 0.125300 ms MarkObjects: 2.620300 ms  DeleteObjects: 0.157900 ms)

AssetImportParameters requested are different than current active one (requested -> active):
  custom:video-decoder-ogg-theora: a1e56fd34408186e4bbccfd4996cb3dc -> 
  custom:container-muxer-webm: aa71ff27fc2769a1b78a27578f13a17b -> 
  custom:container-demuxer-webm: 4f35f7cbe854078d1ac9338744f61a02 -> 
  custom:video-encoder-webm-vp8: eb34c28f22e8b96e1ab97ce403110664 -> 
  custom:audio-encoder-webm-vorbis: bf7c407c2cedff20999df2af8eb42d56 -> 
  custom:framework-win-MediaFoundation: 216162199b28c13a410421893ffa2e32 -> 
  custom:container-demuxer-ogg: 62fdf1f143b41e24485cea50d1cbac27 -> 
  custom:video-decoder-webm-vp8: 9c59270c3fd7afecdb556c50c9e8de78 -> 
  custom:audio-decoder-ogg-vorbis: bf7c407c2cedff20999df2af8eb42d56 -> 
========================================================================
Received Import Request.
  Time since last request: 108892.451888 seconds.
  path: Assets/Resources/SCI-FI UI Pack Pro/SCI-FI UI Pack Pro V1/Resources_V1/Prefabs/9Store_V1.prefab
  artifactKey: Guid(08e3c0b104d656341a4cc9797271bc29) Importer(815301076,1909f56bfc062723c751e8b465ee728b)
Start importing Assets/Resources/SCI-FI UI Pack Pro/SCI-FI UI Pack Pro V1/Resources_V1/Prefabs/9Store_V1.prefab using Guid(08e3c0b104d656341a4cc9797271bc29) Importer(815301076,1909f56bfc062723c751e8b465ee728b)  -> (artifact id: 'e4612f079e8211fa572cd447cee922f8') in 0.192993 seconds 
========================================================================
Received Import Request.
  Time since last request: 0.299233 seconds.
  path: Assets/Resources/SCI-FI UI Pack Pro/SCI-FI UI Pack Pro V2/Resources_V2/Sliced Elements/Components3/Icon_Restart.png
  artifactKey: Guid(56fa35633d8f72840a9632a58adff366) Importer(815301076,1909f56bfc062723c751e8b465ee728b)
Start importing Assets/Resources/SCI-FI UI Pack Pro/SCI-FI UI Pack Pro V2/Resources_V2/Sliced Elements/Components3/Icon_Restart.png using Guid(56fa35633d8f72840a9632a58adff366) Importer(815301076,1909f56bfc062723c751e8b465ee728b)  -> (artifact id: '8e0bc71816ee9772dc1abf1fc724c84e') in 0.090965 seconds 
========================================================================
Received Import Request.
  Time since last request: 1.297477 seconds.
  path: Assets/Resources/SCI-FI UI Pack Pro/SCI-FI UI Pack Pro V1/Resources_V1/Sliced Elements/16Victory1/Icon_SmallStar_Gray.png
  artifactKey: Guid(8a81c460d8ddd5c468a156551d502c23) Importer(815301076,1909f56bfc062723c751e8b465ee728b)
Start importing Assets/Resources/SCI-FI UI Pack Pro/SCI-FI UI Pack Pro V1/Resources_V1/Sliced Elements/16Victory1/Icon_SmallStar_Gray.png using Guid(8a81c460d8ddd5c468a156551d502c23) Importer(815301076,1909f56bfc062723c751e8b465ee728b)  -> (artifact id: '8d74c20086f4b5ef8cc3499dfc148cc4') in 0.014751 seconds 
========================================================================
Received Import Request.
  Time since last request: 0.000027 seconds.
  path: Assets/Resources/SCI-FI UI Pack Pro/SCI-FI UI Pack Pro V1/Resources_V1/Sliced Elements/16Victory1/Icon_star1_gray.png
  artifactKey: Guid(5f87fdc94e5eb334ba666860b250d53f) Importer(815301076,1909f56bfc062723c751e8b465ee728b)
Start importing Assets/Resources/SCI-FI UI Pack Pro/SCI-FI UI Pack Pro V1/Resources_V1/Sliced Elements/16Victory1/Icon_star1_gray.png using Guid(5f87fdc94e5eb334ba666860b250d53f) Importer(815301076,1909f56bfc062723c751e8b465ee728b)  -> (artifact id: 'e95c9ad562615e2e6b9bed93142aba61') in 0.023625 seconds 
========================================================================
Received Import Request.
  Time since last request: 0.000025 seconds.
  path: Assets/Resources/SCI-FI UI Pack Pro/SCI-FI UI Pack Pro V2/Resources_V2/Sliced Elements/4Levels/Icon_star0.png
  artifactKey: Guid(bbfbf53675ec731439b5641d6bd3e984) Importer(815301076,1909f56bfc062723c751e8b465ee728b)
Start importing Assets/Resources/SCI-FI UI Pack Pro/SCI-FI UI Pack Pro V2/Resources_V2/Sliced Elements/4Levels/Icon_star0.png using Guid(bbfbf53675ec731439b5641d6bd3e984) Importer(815301076,1909f56bfc062723c751e8b465ee728b)  -> (artifact id: '47cf14eb3d204a057dda22246c272e5f') in 0.025930 seconds 
========================================================================
Received Import Request.
  Time since last request: 0.009788 seconds.
  path: Assets/Resources/SCI-FI UI Pack Pro/SCI-FI UI Pack Pro V2/Resources_V2/Sliced Elements/16Victory1/Icon_star1_light.png
  artifactKey: Guid(3e02163e00534cb4eaa3cee72c7ed995) Importer(815301076,1909f56bfc062723c751e8b465ee728b)
Start importing Assets/Resources/SCI-FI UI Pack Pro/SCI-FI UI Pack Pro V2/Resources_V2/Sliced Elements/16Victory1/Icon_star1_light.png using Guid(3e02163e00534cb4eaa3cee72c7ed995) Importer(815301076,1909f56bfc062723c751e8b465ee728b)  -> (artifact id: '0a3f2160a38e93f1d101e42c7b77e22d') in 0.025519 seconds 
========================================================================
Received Import Request.
  Time since last request: 0.043961 seconds.
  path: Assets/Resources/SCI-FI UI Pack Pro/SCI-FI UI Pack Pro V1/Resources_V1/Sliced Elements/Components_Customizable3/ProgressBar_White Star.png
  artifactKey: Guid(225e5b9a81dce3848a6d85ec6c4cb7a8) Importer(815301076,1909f56bfc062723c751e8b465ee728b)
Start importing Assets/Resources/SCI-FI UI Pack Pro/SCI-FI UI Pack Pro V1/Resources_V1/Sliced Elements/Components_Customizable3/ProgressBar_White Star.png using Guid(225e5b9a81dce3848a6d85ec6c4cb7a8) Importer(815301076,1909f56bfc062723c751e8b465ee728b)  -> (artifact id: '6fc753c0adfde73ff2b7d10d176680fe') in 0.027202 seconds 
========================================================================
Received Import Request.
  Time since last request: 0.000023 seconds.
  path: Assets/Graphics/Materials/Stars/YellowStar.mat
  artifactKey: Guid(d5df98e22bd8dff469f5b1a95c33f63d) Importer(815301076,1909f56bfc062723c751e8b465ee728b)
Start importing Assets/Graphics/Materials/Stars/YellowStar.mat using Guid(d5df98e22bd8dff469f5b1a95c33f63d) Importer(815301076,1909f56bfc062723c751e8b465ee728b)  -> (artifact id: 'e57d9134113fd8bf6d92f00d59061e05') in 0.199096 seconds 
========================================================================
Received Import Request.
  Time since last request: 17.917677 seconds.
  path: Assets/Resources/SCI-FI UI Pack Pro/SCI-FI UI Pack Pro V1/Resources_V1/Prefabs/19Died_V1.prefab
  artifactKey: Guid(e2d474ee7bf39c543b56dfe46492fc35) Importer(815301076,1909f56bfc062723c751e8b465ee728b)
Start importing Assets/Resources/SCI-FI UI Pack Pro/SCI-FI UI Pack Pro V1/Resources_V1/Prefabs/19Died_V1.prefab using Guid(e2d474ee7bf39c543b56dfe46492fc35) Importer(815301076,1909f56bfc062723c751e8b465ee728b)  -> (artifact id: '8142503ed65f95b13119b9f4ae619b43') in 0.014308 seconds 
========================================================================
Received Import Request.
  Time since last request: 0.600632 seconds.
  path: Assets/Graphics/Textures/Sample/Cookies/Directional Cookie.png
  artifactKey: Guid(f2f16226df00346c983a90793ede65dd) Importer(815301076,1909f56bfc062723c751e8b465ee728b)
Start importing Assets/Graphics/Textures/Sample/Cookies/Directional Cookie.png using Guid(f2f16226df00346c983a90793ede65dd) Importer(815301076,1909f56bfc062723c751e8b465ee728b)  -> (artifact id: '54c132f2899fbeeb319740aa15aebcd1') in 0.022242 seconds 
========================================================================
Received Import Request.
  Time since last request: 0.244369 seconds.
  path: Assets/Scenes/Main/Lightmap-0_comp_dir.png
  artifactKey: Guid(d23ce938ae7d9b24bb791e4a71d3388f) Importer(815301076,1909f56bfc062723c751e8b465ee728b)
Start importing Assets/Scenes/Main/Lightmap-0_comp_dir.png using Guid(d23ce938ae7d9b24bb791e4a71d3388f) Importer(815301076,1909f56bfc062723c751e8b465ee728b)  -> (artifact id: '7e4597c599a92b6c0d35cef72ef19d45') in 0.020793 seconds 
========================================================================
Received Import Request.
  Time since last request: 17.192433 seconds.
  path: Assets/PolygonSciFiSpace/Shaders/SyntyStudios_Planet_Simple_URP.shadergraph
  artifactKey: Guid(27ef9ca2ab5d3dd41b2a27523eaac981) Importer(815301076,1909f56bfc062723c751e8b465ee728b)
Start importing Assets/PolygonSciFiSpace/Shaders/SyntyStudios_Planet_Simple_URP.shadergraph using Guid(27ef9ca2ab5d3dd41b2a27523eaac981) Importer(815301076,1909f56bfc062723c751e8b465ee728b)  -> (artifact id: 'f6b49ce29bfa9fd037ca5017dcfd3d9c') in 2.030199 seconds 
========================================================================
Received Import Request.
  Time since last request: 0.357650 seconds.
  path: Assets/PolygonSciFiSpace/Prefabs/Environment/SM_Env_Planet_04.prefab
  artifactKey: Guid(acd48174abab46a428507e360a4f2ae7) Importer(815301076,1909f56bfc062723c751e8b465ee728b)
Start importing Assets/PolygonSciFiSpace/Prefabs/Environment/SM_Env_Planet_04.prefab using Guid(acd48174abab46a428507e360a4f2ae7) Importer(815301076,1909f56bfc062723c751e8b465ee728b)  -> (artifact id: 'fa2504e86cc1620e795313557992ec24') in 0.047624 seconds 
========================================================================
Received Import Request.
  Time since last request: 0.000028 seconds.
  path: Assets/PolygonSciFiSpace/Models/SM_Env_Planet_08.fbx
  artifactKey: Guid(79ad3d1512a521b4894921bf24254715) Importer(815301076,1909f56bfc062723c751e8b465ee728b)
Start importing Assets/PolygonSciFiSpace/Models/SM_Env_Planet_08.fbx using Guid(79ad3d1512a521b4894921bf24254715) Importer(815301076,1909f56bfc062723c751e8b465ee728b)  -> (artifact id: 'fe295a9ca5a2ae88241c36388123d8ff') in 0.055762 seconds 
========================================================================
Received Import Request.
  Time since last request: 3.379504 seconds.
  path: Assets/PolygonSciFiSpace/Prefabs/Environment/SM_Env_Planet_09.prefab
  artifactKey: Guid(8cca243e745648b438d1831153bae697) Importer(815301076,1909f56bfc062723c751e8b465ee728b)
Start importing Assets/PolygonSciFiSpace/Prefabs/Environment/SM_Env_Planet_09.prefab using Guid(8cca243e745648b438d1831153bae697) Importer(815301076,1909f56bfc062723c751e8b465ee728b)  -> (artifact id: 'cd9ebd1123dd9e6bd55d317b462724be') in 0.038594 seconds 
========================================================================
Received Import Request.
  Time since last request: 0.000024 seconds.
  path: Assets/PolygonSciFiSpace/Prefabs/Environment/SM_Env_Planet_14.prefab
  artifactKey: Guid(1628ff674f2ac4e45b41e507b5150cbb) Importer(815301076,1909f56bfc062723c751e8b465ee728b)
Start importing Assets/PolygonSciFiSpace/Prefabs/Environment/SM_Env_Planet_14.prefab using Guid(1628ff674f2ac4e45b41e507b5150cbb) Importer(815301076,1909f56bfc062723c751e8b465ee728b)  -> (artifact id: '6f6be3666612f792447515f39bc1a131') in 0.033847 seconds 
========================================================================
Received Import Request.
  Time since last request: 0.000026 seconds.
  path: Assets/PolygonSciFiSpace/Prefabs/Environment/SM_Env_Planet_12.prefab
  artifactKey: Guid(aed6fae6614f6cf45b456c75fa94b3b5) Importer(815301076,1909f56bfc062723c751e8b465ee728b)
Start importing Assets/PolygonSciFiSpace/Prefabs/Environment/SM_Env_Planet_12.prefab using Guid(aed6fae6614f6cf45b456c75fa94b3b5) Importer(815301076,1909f56bfc062723c751e8b465ee728b)  -> (artifact id: '815b7cfaab1d774fb6b9cc676808bf49') in 0.034730 seconds 
========================================================================
Received Import Request.
  Time since last request: 3.870375 seconds.
  path: Assets/PolygonSciFiSpace/Models/SM_SignBorder_Planet_01.fbx
  artifactKey: Guid(54b2dbd6f5120ab41ae364ba530a7c03) Importer(815301076,1909f56bfc062723c751e8b465ee728b)
Start importing Assets/PolygonSciFiSpace/Models/SM_SignBorder_Planet_01.fbx using Guid(54b2dbd6f5120ab41ae364ba530a7c03) Importer(815301076,1909f56bfc062723c751e8b465ee728b)  -> (artifact id: '50fd64d2cec08a1d57ec7561a113feee') in 0.056063 seconds 
========================================================================
Received Import Request.
  Time since last request: 13.774988 seconds.
  path: Assets/Scripts/Space/Planet Generation
  artifactKey: Guid(b6d1374c833494741ad044837c97580f) Importer(815301076,1909f56bfc062723c751e8b465ee728b)
Start importing Assets/Scripts/Space/Planet Generation using Guid(b6d1374c833494741ad044837c97580f) Importer(815301076,1909f56bfc062723c751e8b465ee728b)  -> (artifact id: '724f21e9c8ed1958b7606060b9b00861') in 0.005850 seconds 
========================================================================
Received Import Request.
  Time since last request: 0.660028 seconds.
  path: Assets/PolygonSciFiSpace/Materials/Planet_Materials
  artifactKey: Guid(112d754d31985194394e1ca2376ab891) Importer(815301076,1909f56bfc062723c751e8b465ee728b)
Start importing Assets/PolygonSciFiSpace/Materials/Planet_Materials using Guid(112d754d31985194394e1ca2376ab891) Importer(815301076,1909f56bfc062723c751e8b465ee728b)  -> (artifact id: '3d31e4b658930bb61286997eb568229c') in 0.006082 seconds 
