Using pre-set license
Built from '2022.1/staging' branch; Version is '2022.1.20f1 (01d83b40d570) revision 120891'; Using compiler version '192829333'; Build Type 'Release'
OS: 'Windows 11  (10.0.22000) 64bit Core' Language: 'en' Physical Memory: 16085 MB
BatchMode: 1, IsHumanControllingUs: 0, StartBugReporterOnCrash: 0, Is64bit: 1, IsPro: 1

COMMAND LINE ARGUMENTS:
C:\Program Files\Unity\Hub\Editor\2022.1.20f1\Editor\Unity.exe
-adb2
-batchMode
-noUpm
-name
AssetImportWorker2
-projectPath
C:/Users/azapa/OneDrive/Documents/GitHub/The-Dark-Beyond
-logFile
Logs/AssetImportWorker2.log
-srvPort
64805
Successfully changed project path to: C:/Users/azapa/OneDrive/Documents/GitHub/The-Dark-Beyond
C:/Users/azapa/OneDrive/Documents/GitHub/The-Dark-Beyond
[UnityMemory] Configuration Parameters - Can be set up in boot.config
    "memorysetup-bucket-allocator-granularity=16"
    "memorysetup-bucket-allocator-bucket-count=8"
    "memorysetup-bucket-allocator-block-size=33554432"
    "memorysetup-bucket-allocator-block-count=8"
    "memorysetup-main-allocator-block-size=16777216"
    "memorysetup-thread-allocator-block-size=16777216"
    "memorysetup-gfx-main-allocator-block-size=16777216"
    "memorysetup-gfx-thread-allocator-block-size=16777216"
    "memorysetup-cache-allocator-block-size=4194304"
    "memorysetup-typetree-allocator-block-size=2097152"
    "memorysetup-profiler-bucket-allocator-granularity=16"
    "memorysetup-profiler-bucket-allocator-bucket-count=8"
    "memorysetup-profiler-bucket-allocator-block-size=33554432"
    "memorysetup-profiler-bucket-allocator-block-count=8"
    "memorysetup-profiler-allocator-block-size=16777216"
    "memorysetup-profiler-editor-allocator-block-size=1048576"
    "memorysetup-temp-allocator-size-main=16777216"
    "memorysetup-job-temp-allocator-block-size=2097152"
    "memorysetup-job-temp-allocator-block-size-background=1048576"
    "memorysetup-job-temp-allocator-reduction-small-platforms=262144"
    "memorysetup-temp-allocator-size-background-worker=32768"
    "memorysetup-temp-allocator-size-job-worker=262144"
    "memorysetup-temp-allocator-size-preload-manager=33554432"
    "memorysetup-temp-allocator-size-nav-mesh-worker=65536"
    "memorysetup-temp-allocator-size-audio-worker=65536"
    "memorysetup-temp-allocator-size-cloud-worker=32768"
    "memorysetup-temp-allocator-size-gi-baking-worker=262144"
    "memorysetup-temp-allocator-size-gfx=262144"
Refreshing native plugins compatible for Editor in 113.47 ms, found 2 plugins.
Preloading 0 native plugins for Editor in 0.00 ms.
Initialize engine version: 2022.1.20f1 (01d83b40d570)
[Subsystems] Discovering subsystems at path C:/Program Files/Unity/Hub/Editor/2022.1.20f1/Editor/Data/Resources/UnitySubsystems
[Subsystems] Discovering subsystems at path C:/Users/azapa/OneDrive/Documents/GitHub/The-Dark-Beyond/Assets
GfxDevice: creating device client; threaded=0; jobified=0
Direct3D:
    Version:  Direct3D 11.0 [level 11.1]
    Renderer: NVIDIA GeForce RTX 3060 Laptop GPU (ID=0x2520)
    Vendor:   NVIDIA
    VRAM:     6009 MB
    Driver:   31.0.15.2802
Initialize mono
Mono path[0] = 'C:/Program Files/Unity/Hub/Editor/2022.1.20f1/Editor/Data/Managed'
Mono path[1] = 'C:/Program Files/Unity/Hub/Editor/2022.1.20f1/Editor/Data/MonoBleedingEdge/lib/mono/unityjit-win32'
Mono config path = 'C:/Program Files/Unity/Hub/Editor/2022.1.20f1/Editor/Data/MonoBleedingEdge/etc'
Using monoOptions --debugger-agent=transport=dt_socket,embedding=1,server=y,suspend=n,address=127.0.0.1:56164
Begin MonoManager ReloadAssembly
Registering precompiled unity dll's ...
Register platform support module: C:/Program Files/Unity/Hub/Editor/2022.1.20f1/Editor/Data/PlaybackEngines/WindowsStandaloneSupport/UnityEditor.WindowsStandalone.Extensions.dll
Registered in 0.004535 seconds.
Native extension for WindowsStandalone target not found
Refreshing native plugins compatible for Editor in 114.91 ms, found 2 plugins.
Preloading 0 native plugins for Editor in 0.00 ms.
Mono: successfully reloaded assembly
- Completed reload, in  0.820 seconds
Domain Reload Profiling:
	ReloadAssembly (820ms)
		BeginReloadAssembly (130ms)
			ExecutionOrderSort (0ms)
			DisableScriptedObjects (0ms)
			BackupInstance (0ms)
			ReleaseScriptingObjects (0ms)
			CreateAndSetChildDomain (1ms)
		EndReloadAssembly (569ms)
			LoadAssemblies (128ms)
			RebuildTransferFunctionScriptingTraits (0ms)
			SetupTypeCache (126ms)
				TypeCache.Initialize (125ms)
					TypeCache.ScanAssembly (124ms)
				ResolveRequiredComponents (1ms)
			ReleaseScriptCaches (0ms)
			RebuildScriptCaches (28ms)
			SetupLoadedEditorAssemblies (360ms)
				LogAssemblyErrors (0ms)
				InitializePlatformSupportModulesInManaged (8ms)
				SetLoadedEditorAssemblies (11ms)
				RefreshPlugins (115ms)
				BeforeProcessingInitializeOnLoad (2ms)
				ProcessInitializeOnLoadAttributes (165ms)
				ProcessInitializeOnLoadMethodAttributes (59ms)
				AfterProcessingInitializeOnLoad (0ms)
				EditorAssembliesLoaded (0ms)
			ExecutionOrderSort2 (0ms)
			AwakeInstancesAfterBackupRestoration (0ms)
Platform modules already initialized, skipping
Registering precompiled user dll's ...
Registered in 0.311036 seconds.
Begin MonoManager ReloadAssembly
Native extension for WindowsStandalone target not found
Refreshing native plugins compatible for Editor in 93.44 ms, found 2 plugins.
Preloading 0 native plugins for Editor in 0.00 ms.
Mono: successfully reloaded assembly
- Completed reload, in  1.183 seconds
Domain Reload Profiling:
	ReloadAssembly (1184ms)
		BeginReloadAssembly (130ms)
			ExecutionOrderSort (0ms)
			DisableScriptedObjects (4ms)
			BackupInstance (0ms)
			ReleaseScriptingObjects (0ms)
			CreateAndSetChildDomain (18ms)
		EndReloadAssembly (954ms)
			LoadAssemblies (162ms)
			RebuildTransferFunctionScriptingTraits (0ms)
			SetupTypeCache (213ms)
				TypeCache.Initialize (205ms)
					TypeCache.ScanAssembly (202ms)
				ResolveRequiredComponents (8ms)
			ReleaseScriptCaches (0ms)
			RebuildScriptCaches (51ms)
			SetupLoadedEditorAssemblies (519ms)
				LogAssemblyErrors (0ms)
				InitializePlatformSupportModulesInManaged (3ms)
				SetLoadedEditorAssemblies (5ms)
				RefreshPlugins (94ms)
				BeforeProcessingInitializeOnLoad (90ms)
				ProcessInitializeOnLoadAttributes (240ms)
				ProcessInitializeOnLoadMethodAttributes (82ms)
				AfterProcessingInitializeOnLoad (4ms)
				EditorAssembliesLoaded (0ms)
			ExecutionOrderSort2 (0ms)
			AwakeInstancesAfterBackupRestoration (5ms)
Platform modules already initialized, skipping
========================================================================
Worker process is ready to serve import requests
Launched and connected shader compiler UnityShaderCompiler.exe after 0.06 seconds
Refreshing native plugins compatible for Editor in 1.55 ms, found 2 plugins.
Preloading 0 native plugins for Editor in 0.00 ms.
Unloading 3761 Unused Serialized files (Serialized files now loaded: 0)
Unloading 31 unused Assets / (352.1 KB). Loaded Objects now: 4241.
Memory consumption went from 0.70 GB to 0.70 GB.
Total: 3.446200 ms (FindLiveObjects: 0.270200 ms CreateObjectMapping: 0.132800 ms MarkObjects: 2.844200 ms  DeleteObjects: 0.197200 ms)

AssetImportParameters requested are different than current active one (requested -> active):
  custom:video-decoder-ogg-theora: a1e56fd34408186e4bbccfd4996cb3dc -> 
  custom:container-muxer-webm: aa71ff27fc2769a1b78a27578f13a17b -> 
  custom:container-demuxer-webm: 4f35f7cbe854078d1ac9338744f61a02 -> 
  custom:video-encoder-webm-vp8: eb34c28f22e8b96e1ab97ce403110664 -> 
  custom:audio-encoder-webm-vorbis: bf7c407c2cedff20999df2af8eb42d56 -> 
  custom:framework-win-MediaFoundation: 216162199b28c13a410421893ffa2e32 -> 
  custom:container-demuxer-ogg: 62fdf1f143b41e24485cea50d1cbac27 -> 
  custom:video-decoder-webm-vp8: 9c59270c3fd7afecdb556c50c9e8de78 -> 
  custom:audio-decoder-ogg-vorbis: bf7c407c2cedff20999df2af8eb42d56 -> 
========================================================================
Received Import Request.
  Time since last request: 108892.457816 seconds.
  path: Assets/Animations/Basic Motions/Animations/Social/Conversation/BasicMotions@Question01.fbx
  artifactKey: Guid(90aea7fa61ac90d48a24221bd57a4460) Importer(815301076,1909f56bfc062723c751e8b465ee728b)
Start importing Assets/Animations/Basic Motions/Animations/Social/Conversation/BasicMotions@Question01.fbx using Guid(90aea7fa61ac90d48a24221bd57a4460) Importer(815301076,1909f56bfc062723c751e8b465ee728b)  -> (artifact id: '7c2cb6ed0d22ed440a859e341730fe35') in 0.133588 seconds 
========================================================================
Received Import Request.
  Time since last request: 0.353618 seconds.
  path: Assets/Resources/SCI-FI UI Pack Pro/SCI-FI UI Pack Pro V1/Resources_V1/Sliced Elements/Components3/Icon_Restart.png
  artifactKey: Guid(356435072613eaf45b45471cbf9941ff) Importer(815301076,1909f56bfc062723c751e8b465ee728b)
Start importing Assets/Resources/SCI-FI UI Pack Pro/SCI-FI UI Pack Pro V1/Resources_V1/Sliced Elements/Components3/Icon_Restart.png using Guid(356435072613eaf45b45471cbf9941ff) Importer(815301076,1909f56bfc062723c751e8b465ee728b)  -> (artifact id: '9c08de534da16bc4c5f743efd96baeac') in 0.080495 seconds 
========================================================================
Received Import Request.
  Time since last request: 1.306956 seconds.
  path: Assets/Resources/SCI-FI UI Pack Pro/SCI-FI UI Pack Pro V2/Resources_V2/Sliced Elements/16Victory1/Icon_SmallStar_Light.png
  artifactKey: Guid(470c58c4915b4014b9cb616733460b24) Importer(815301076,1909f56bfc062723c751e8b465ee728b)
Start importing Assets/Resources/SCI-FI UI Pack Pro/SCI-FI UI Pack Pro V2/Resources_V2/Sliced Elements/16Victory1/Icon_SmallStar_Light.png using Guid(470c58c4915b4014b9cb616733460b24) Importer(815301076,1909f56bfc062723c751e8b465ee728b)  -> (artifact id: 'e9dd9f3b878380867ac81f0cfb97aeef') in 0.021879 seconds 
========================================================================
Received Import Request.
  Time since last request: 0.000034 seconds.
  path: Assets/Resources/SCI-FI UI Pack Pro/SCI-FI UI Pack Pro V1/Resources_V1/Sliced Elements/Icons1/Icon_Star1.png
  artifactKey: Guid(431922d5b048ccd43a9ce25241874003) Importer(815301076,1909f56bfc062723c751e8b465ee728b)
Start importing Assets/Resources/SCI-FI UI Pack Pro/SCI-FI UI Pack Pro V1/Resources_V1/Sliced Elements/Icons1/Icon_Star1.png using Guid(431922d5b048ccd43a9ce25241874003) Importer(815301076,1909f56bfc062723c751e8b465ee728b)  -> (artifact id: '4039847c9720746c1fc3874d9a36d94b') in 0.029559 seconds 
========================================================================
Received Import Request.
  Time since last request: 0.028105 seconds.
  path: Assets/Resources/SCI-FI UI Pack Pro/SCI-FI UI Pack Pro V1/Resources_V1/Sliced Elements/16Victory1/Icon_star1_light.png
  artifactKey: Guid(40d63dca10ee15b479f05e77bf2aedf1) Importer(815301076,1909f56bfc062723c751e8b465ee728b)
Start importing Assets/Resources/SCI-FI UI Pack Pro/SCI-FI UI Pack Pro V1/Resources_V1/Sliced Elements/16Victory1/Icon_star1_light.png using Guid(40d63dca10ee15b479f05e77bf2aedf1) Importer(815301076,1909f56bfc062723c751e8b465ee728b)  -> (artifact id: '19cc5bb8bb2adf0b86f66a5fa15b03e3') in 0.027461 seconds 
========================================================================
Received Import Request.
  Time since last request: 0.041312 seconds.
  path: Assets/Graphics/Materials/Stars/RedStar.mat
  artifactKey: Guid(f2355e52d17b1e5408edf4a99a87fb52) Importer(815301076,1909f56bfc062723c751e8b465ee728b)
Start importing Assets/Graphics/Materials/Stars/RedStar.mat using Guid(f2355e52d17b1e5408edf4a99a87fb52) Importer(815301076,1909f56bfc062723c751e8b465ee728b)  -> (artifact id: '0e6d5ba0b363bde0fcd83853029cf47f') in 0.229138 seconds 
========================================================================
Received Import Request.
  Time since last request: 17.924687 seconds.
  path: Assets/EffectExamples/Misc Effects/Animations/@EllenIdle.fbx
  artifactKey: Guid(73e3d6d0fdcfc1d4483701317ca34665) Importer(815301076,1909f56bfc062723c751e8b465ee728b)
Start importing Assets/EffectExamples/Misc Effects/Animations/@EllenIdle.fbx using Guid(73e3d6d0fdcfc1d4483701317ca34665) Importer(815301076,1909f56bfc062723c751e8b465ee728b)  -> (artifact id: '14d63270ff65cd2359b4b91121ecfaba') in 0.082427 seconds 
========================================================================
Received Import Request.
  Time since last request: 0.532222 seconds.
  path: Assets/PolygonSciFiSpace/Textures/Dirt_01.png
  artifactKey: Guid(3e2a8988119194d468d8be062cfbfb72) Importer(815301076,1909f56bfc062723c751e8b465ee728b)
Start importing Assets/PolygonSciFiSpace/Textures/Dirt_01.png using Guid(3e2a8988119194d468d8be062cfbfb72) Importer(815301076,1909f56bfc062723c751e8b465ee728b)  -> (artifact id: 'db19c2f13585526b0de981f5f3ffc389') in 0.017692 seconds 
========================================================================
Received Import Request.
  Time since last request: 0.250219 seconds.
  path: Assets/Scenes/Main/Lightmap-1_comp_dir.png
  artifactKey: Guid(930c85f85f52ab0498118329c192ee2c) Importer(815301076,1909f56bfc062723c751e8b465ee728b)
Start importing Assets/Scenes/Main/Lightmap-1_comp_dir.png using Guid(930c85f85f52ab0498118329c192ee2c) Importer(815301076,1909f56bfc062723c751e8b465ee728b)  -> (artifact id: 'ecfe6c495d19c0e5c0878a0bc2a835a9') in 0.020120 seconds 
========================================================================
Received Import Request.
  Time since last request: 17.193893 seconds.
  path: Assets/Resources/Materials/Planet Material.mat
  artifactKey: Guid(23e406f7f3b17f04f9a1bc4c945162de) Importer(815301076,1909f56bfc062723c751e8b465ee728b)
Start importing Assets/Resources/Materials/Planet Material.mat using Guid(23e406f7f3b17f04f9a1bc4c945162de) Importer(815301076,1909f56bfc062723c751e8b465ee728b)  -> (artifact id: '66275e8c831f6c03b73e5b1cdab46b2a') in 0.029555 seconds 
========================================================================
Received Import Request.
  Time since last request: 0.000041 seconds.
  path: Assets/PolygonSciFiSpace/Materials/Planet_Materials/PolygonSpace_Planet_01_B.mat
  artifactKey: Guid(8d49b7338b55c3d44b6fc536ffa8f1ad) Importer(815301076,1909f56bfc062723c751e8b465ee728b)
Start importing Assets/PolygonSciFiSpace/Materials/Planet_Materials/PolygonSpace_Planet_01_B.mat using Guid(8d49b7338b55c3d44b6fc536ffa8f1ad) Importer(815301076,1909f56bfc062723c751e8b465ee728b)  -> (artifact id: 'f607f8a8cc9bb07f584852f2ac985057') in 1.966770 seconds 
========================================================================
Received Import Request.
  Time since last request: 0.371083 seconds.
  path: Assets/PolygonSciFiSpace/Models/SM_Env_Planet_04.fbx
  artifactKey: Guid(90440b58da4739f4fb46ddb783a16943) Importer(815301076,1909f56bfc062723c751e8b465ee728b)
Start importing Assets/PolygonSciFiSpace/Models/SM_Env_Planet_04.fbx using Guid(90440b58da4739f4fb46ddb783a16943) Importer(815301076,1909f56bfc062723c751e8b465ee728b)  -> (artifact id: 'c983beef6dbc9931b328f433a1b3868e') in 0.044824 seconds 
========================================================================
Received Import Request.
  Time since last request: 0.000027 seconds.
  path: Assets/PolygonSciFiSpace/Prefabs/Environment/SM_Env_Planet_07.prefab
  artifactKey: Guid(cc6421ec9dce2374fa511409c46a96d3) Importer(815301076,1909f56bfc062723c751e8b465ee728b)
Start importing Assets/PolygonSciFiSpace/Prefabs/Environment/SM_Env_Planet_07.prefab using Guid(cc6421ec9dce2374fa511409c46a96d3) Importer(815301076,1909f56bfc062723c751e8b465ee728b)  -> (artifact id: 'df3f51a021a0d7feb5068d0ef702c2e6') in 0.034493 seconds 
========================================================================
Received Import Request.
  Time since last request: 3.402964 seconds.
  path: Assets/PolygonSciFiSpace/Prefabs/Environment/SM_Env_Planet_010.prefab
  artifactKey: Guid(a6478dfeefe8ec844bf1104314990f60) Importer(815301076,1909f56bfc062723c751e8b465ee728b)
Start importing Assets/PolygonSciFiSpace/Prefabs/Environment/SM_Env_Planet_010.prefab using Guid(a6478dfeefe8ec844bf1104314990f60) Importer(815301076,1909f56bfc062723c751e8b465ee728b)  -> (artifact id: 'db0d7a9c13793a12d533465745c7bb43') in 0.036293 seconds 
========================================================================
Received Import Request.
  Time since last request: 0.000059 seconds.
  path: Assets/PolygonSciFiSpace/Models/SM_Env_Planet_14.fbx
  artifactKey: Guid(58934e294f30f1c4e8e6b1e74d9d8ad2) Importer(815301076,1909f56bfc062723c751e8b465ee728b)
Start importing Assets/PolygonSciFiSpace/Models/SM_Env_Planet_14.fbx using Guid(58934e294f30f1c4e8e6b1e74d9d8ad2) Importer(815301076,1909f56bfc062723c751e8b465ee728b)  -> (artifact id: 'bb84f34f278c03c50a96885f5773f6b4') in 0.035992 seconds 
========================================================================
Received Import Request.
  Time since last request: 3.905138 seconds.
  path: Assets/PolygonSciFiSpace/Prefabs/Signs/SM_SignBorder_Planet_01.prefab
  artifactKey: Guid(7c31b1c6175fb1443837bd5dfeac76e9) Importer(815301076,1909f56bfc062723c751e8b465ee728b)
Start importing Assets/PolygonSciFiSpace/Prefabs/Signs/SM_SignBorder_Planet_01.prefab using Guid(7c31b1c6175fb1443837bd5dfeac76e9) Importer(815301076,1909f56bfc062723c751e8b465ee728b)  -> (artifact id: 'f2a98930d561016ae462f2dc070f4ccf') in 0.055200 seconds 
